  text3.1.cpp
text3.obj : error LNK2005: main 已经在 text3.1.obj 中定义
D:\C++\Project3\x64\Debug\Project3.exe : fatal error LNK1169: 找到一个或多个多重定义的符号
